ISim log file
Running: C:\Users\phil\Dropbox\Uni\3rd Year\VHDL\VHDL-Assignment1-master\Test_Adder16_1_isim_beh.exe -intstyle ise -gui -tclbatch isim.cmd -wdb C:/Users/phil/Dropbox/Uni/3rd Year/VHDL/VHDL-Assignment1-master/Test_Adder16_1_isim_beh.wdb 
ISim P.20131013 (signature 0x7708f090)
WARNING: A WEBPACK license was found.
WARNING: Please use Xilinx License Configuration Manager to check out a full ISim license.
WARNING: ISim will run in Lite mode. Please refer to the ISim documentation for more information on the differences between the Lite and the Full version.
This is a Lite version of ISim.
Time resolution is 1 ps
# onerror resume
# wave add /
# run 1000 ns
Simulator is doing circuit initialization process.
Finished circuit initialization process.
0000001111101000
0000001111101001
0000001111101010
0000001111101011
0000001111101100
0000001111101101
0000001111101110
0000001111101111
0000001111110000
0000001111110001
0000001111110010
0000001111110011
0000001111110100
0000001111110101
0000001111110110
0000001111110111
0000001111101001
0000001111101010
0000001111101011
0000001111101100
0000001111101101
0000001111101110
0000001111101111
0000001111110000
0000001111110001
0000001111110010
0000001111110011
0000001111110100
0000001111110101
0000001111110110
0000001111110111
0000001111111000
0000001111101010
0000001111101011
0000001111101100
0000001111101101
0000001111101110
0000001111101111
0000001111110000
0000001111110001
0000001111110010
0000001111110011
0000001111110100
0000001111110101
0000001111110110
0000001111110111
0000001111111000
0000001111111001
0000001111101011
0000001111101100
0000001111101101
0000001111101110
0000001111101111
0000001111110000
0000001111110001
0000001111110010
0000001111110011
0000001111110100
0000001111110101
0000001111110110
0000001111110111
0000001111111000
0000001111111001
0000001111111010
0000001111101100
0000001111101101
0000001111101110
0000001111101111
0000001111110000
0000001111110001
0000001111110010
0000001111110011
0000001111110100
0000001111110101
0000001111110110
0000001111110111
0000001111111000
0000001111111001
0000001111111010
0000001111111011
0000001111101101
0000001111101110
0000001111101111
0000001111110000
0000001111110001
0000001111110010
0000001111110011
0000001111110100
0000001111110101
0000001111110110
0000001111110111
0000001111111000
0000001111111001
0000001111111010
0000001111111011
0000001111111100
0000001111101110
0000001111101111
0000001111110000
0000001111110001
0000001111110010
0000001111110011
0000001111110100
0000001111110101
0000001111110110
0000001111110111
0000001111111000
0000001111111001
0000001111111010
0000001111111011
0000001111111100
0000001111111101
0000001111101111
0000001111110000
0000001111110001
0000001111110010
0000001111110011
0000001111110100
0000001111110101
0000001111110110
0000001111110111
0000001111111000
0000001111111001
0000001111111010
0000001111111011
0000001111111100
0000001111111101
0000001111111110
0000001111110000
0000001111110001
0000001111110010
0000001111110011
0000001111110100
0000001111110101
0000001111110110
0000001111110111
0000001111111000
0000001111111001
0000001111111010
0000001111111011
0000001111111100
0000001111111101
0000001111111110
0000001111111111
0000001111110001
0000001111110010
0000001111110011
0000001111110100
0000001111110101
0000001111110110
0000001111110111
0000001111111000
0000001111111001
0000001111111010
0000001111111011
0000001111111100
0000001111111101
0000001111111110
0000001111111111
0000010000000000
0000001111110010
0000001111110011
0000001111110100
0000001111110101
0000001111110110
0000001111110111
0000001111111000
0000001111111001
0000001111111010
0000001111111011
0000001111111100
0000001111111101
0000001111111110
0000001111111111
0000010000000000
0000010000000001
0000001111110011
0000001111110100
0000001111110101
0000001111110110
0000001111110111
0000001111111000
0000001111111001
0000001111111010
0000001111111011
0000001111111100
0000001111111101
0000001111111110
0000001111111111
0000010000000000
0000010000000001
0000010000000010
0000001111110100
0000001111110101
0000001111110110
0000001111110111
0000001111111000
0000001111111001
0000001111111010
0000001111111011
# run 10.00us
0000001111111100
0000001111111101
0000001111111110
0000001111111111
0000010000000000
0000010000000001
0000010000000010
0000010000000011
0000001111110101
0000001111110110
0000001111110111
0000001111111000
0000001111111001
0000001111111010
0000001111111011
0000001111111100
0000001111111101
0000001111111110
0000001111111111
0000010000000000
0000010000000001
0000010000000010
0000010000000011
0000010000000100
0000001111110110
0000001111110111
0000001111111000
0000001111111001
0000001111111010
0000001111111011
0000001111111100
0000001111111101
0000001111111110
0000001111111111
0000010000000000
0000010000000001
0000010000000010
0000010000000011
0000010000000100
0000010000000101
0000001111110111
0000001111111000
0000001111111001
0000001111111010
0000001111111011
0000001111111100
0000001111111101
0000001111111110
0000001111111111
0000010000000000
0000010000000001
0000010000000010
0000010000000011
0000010000000100
0000010000000101
0000010000000110
0000001111111000
0000001111111001
0000001111111010
0000001111111011
0000001111111100
0000001111111101
0000001111111110
0000001111111111
0000010000000000
0000010000000001
0000010000000010
0000010000000011
0000010000000100
0000010000000101
0000010000000110
0000010000000111
0000001111111001
0000001111111010
0000001111111011
0000001111111100
0000001111111101
0000001111111110
0000001111111111
0000010000000000
0000010000000001
0000010000000010
0000010000000011
0000010000000100
0000010000000101
0000010000000110
0000010000000111
0000010000001000
0000001111111010
0000001111111011
0000001111111100
0000001111111101
0000001111111110
0000001111111111
0000010000000000
0000010000000001
0000010000000010
0000010000000011
0000010000000100
0000010000000101
0000010000000110
0000010000000111
0000010000001000
0000010000001001
0000001111111011
0000001111111100
0000001111111101
0000001111111110
0000001111111111
0000010000000000
0000010000000001
0000010000000010
0000010000000011
0000010000000100
0000010000000101
0000010000000110
0000010000000111
0000010000001000
0000010000001001
0000010000001010
0000001111111100
0000001111111101
0000001111111110
0000001111111111
0000010000000000
0000010000000001
0000010000000010
0000010000000011
0000010000000100
0000010000000101
0000010000000110
0000010000000111
0000010000001000
0000010000001001
0000010000001010
0000010000001011
0000001111111101
0000001111111110
0000001111111111
0000010000000000
0000010000000001
0000010000000010
0000010000000011
0000010000000100
0000010000000101
0000010000000110
0000010000000111
0000010000001000
0000010000001001
0000010000001010
0000010000001011
0000010000001100
0000001111111110
0000001111111111
0000010000000000
0000010000000001
0000010000000010
0000010000000011
0000010000000100
0000010000000101
0000010000000110
0000010000000111
0000010000001000
0000010000001001
0000010000001010
0000010000001011
0000010000001100
0000010000001101
0000001111111111
0000010000000000
0000010000000001
0000010000000010
0000010000000011
0000010000000100
0000010000000101
0000010000000110
0000010000000111
0000010000001000
0000010000001001
0000010000001010
0000010000001011
0000010000001100
0000010000001101
0000010000001110
0000010000000000
0000010000000001
0000010000000010
0000010000000011
0000010000000100
0000010000000101
0000010000000110
0000010000000111
0000010000001000
0000010000001001
0000010000001010
0000010000001011
0000010000001100
0000010000001101
0000010000001110
0000010000001111
0000010000000001
0000010000000010
0000010000000011
0000010000000100
0000010000000101
0000010000000110
0000010000000111
0000010000001000
0000010000001001
0000010000001010
0000010000001011
0000010000001100
0000010000001101
0000010000001110
0000010000001111
0000010000010000
# run 10.00us
# run 10.00us
# run 10.00us
# restart
# run 10.00us
Simulator is doing circuit initialization process.
Finished circuit initialization process.
0000001111101000
0000001111101001
0000001111101010
0000001111101011
0000001111101100
0000001111101101
0000001111101110
0000001111101111
0000001111110000
0000001111110001
0000001111110010
0000001111110011
0000001111110100
0000001111110101
0000001111110110
0000001111110111
0000001111101001
0000001111101010
0000001111101011
0000001111101100
0000001111101101
0000001111101110
0000001111101111
0000001111110000
0000001111110001
0000001111110010
0000001111110011
0000001111110100
0000001111110101
0000001111110110
0000001111110111
0000001111111000
0000001111101010
0000001111101011
0000001111101100
0000001111101101
0000001111101110
0000001111101111
0000001111110000
0000001111110001
0000001111110010
0000001111110011
0000001111110100
0000001111110101
0000001111110110
0000001111110111
0000001111111000
0000001111111001
0000001111101011
0000001111101100
0000001111101101
0000001111101110
0000001111101111
0000001111110000
0000001111110001
0000001111110010
0000001111110011
0000001111110100
0000001111110101
0000001111110110
0000001111110111
0000001111111000
0000001111111001
0000001111111010
0000001111101100
0000001111101101
0000001111101110
0000001111101111
0000001111110000
0000001111110001
0000001111110010
0000001111110011
0000001111110100
0000001111110101
0000001111110110
0000001111110111
0000001111111000
0000001111111001
0000001111111010
0000001111111011
0000001111101101
0000001111101110
0000001111101111
0000001111110000
0000001111110001
0000001111110010
0000001111110011
0000001111110100
0000001111110101
0000001111110110
0000001111110111
0000001111111000
0000001111111001
0000001111111010
0000001111111011
0000001111111100
0000001111101110
0000001111101111
0000001111110000
0000001111110001
0000001111110010
0000001111110011
0000001111110100
0000001111110101
0000001111110110
0000001111110111
0000001111111000
0000001111111001
0000001111111010
0000001111111011
0000001111111100
0000001111111101
0000001111101111
0000001111110000
0000001111110001
0000001111110010
0000001111110011
0000001111110100
0000001111110101
0000001111110110
0000001111110111
0000001111111000
0000001111111001
0000001111111010
0000001111111011
0000001111111100
0000001111111101
0000001111111110
0000001111110000
0000001111110001
0000001111110010
0000001111110011
0000001111110100
0000001111110101
0000001111110110
0000001111110111
0000001111111000
0000001111111001
0000001111111010
0000001111111011
0000001111111100
0000001111111101
0000001111111110
0000001111111111
0000001111110001
0000001111110010
0000001111110011
0000001111110100
0000001111110101
0000001111110110
0000001111110111
0000001111111000
0000001111111001
0000001111111010
0000001111111011
0000001111111100
0000001111111101
0000001111111110
0000001111111111
0000010000000000
0000001111110010
0000001111110011
0000001111110100
0000001111110101
0000001111110110
0000001111110111
0000001111111000
0000001111111001
0000001111111010
0000001111111011
0000001111111100
0000001111111101
0000001111111110
0000001111111111
0000010000000000
0000010000000001
0000001111110011
0000001111110100
0000001111110101
0000001111110110
0000001111110111
0000001111111000
0000001111111001
0000001111111010
0000001111111011
0000001111111100
0000001111111101
0000001111111110
0000001111111111
0000010000000000
0000010000000001
0000010000000010
0000001111110100
0000001111110101
0000001111110110
0000001111110111
0000001111111000
0000001111111001
0000001111111010
0000001111111011
0000001111111100
0000001111111101
0000001111111110
0000001111111111
0000010000000000
0000010000000001
0000010000000010
0000010000000011
0000001111110101
0000001111110110
0000001111110111
0000001111111000
0000001111111001
0000001111111010
0000001111111011
0000001111111100
0000001111111101
0000001111111110
0000001111111111
0000010000000000
0000010000000001
0000010000000010
0000010000000011
0000010000000100
0000001111110110
0000001111110111
0000001111111000
0000001111111001
0000001111111010
0000001111111011
0000001111111100
0000001111111101
0000001111111110
0000001111111111
0000010000000000
0000010000000001
0000010000000010
0000010000000011
0000010000000100
0000010000000101
0000001111110111
0000001111111000
0000001111111001
0000001111111010
0000001111111011
0000001111111100
0000001111111101
0000001111111110
0000001111111111
0000010000000000
0000010000000001
0000010000000010
0000010000000011
0000010000000100
0000010000000101
0000010000000110
0000001111111000
0000001111111001
0000001111111010
0000001111111011
0000001111111100
0000001111111101
0000001111111110
0000001111111111
0000010000000000
0000010000000001
0000010000000010
0000010000000011
0000010000000100
0000010000000101
0000010000000110
0000010000000111
0000001111111001
0000001111111010
0000001111111011
0000001111111100
0000001111111101
0000001111111110
0000001111111111
0000010000000000
0000010000000001
0000010000000010
0000010000000011
0000010000000100
0000010000000101
0000010000000110
0000010000000111
0000010000001000
0000001111111010
0000001111111011
0000001111111100
0000001111111101
0000001111111110
0000001111111111
0000010000000000
0000010000000001
0000010000000010
0000010000000011
0000010000000100
0000010000000101
0000010000000110
0000010000000111
0000010000001000
0000010000001001
0000001111111011
0000001111111100
0000001111111101
0000001111111110
0000001111111111
0000010000000000
0000010000000001
0000010000000010
0000010000000011
0000010000000100
0000010000000101
0000010000000110
0000010000000111
0000010000001000
0000010000001001
0000010000001010
0000001111111100
0000001111111101
0000001111111110
0000001111111111
0000010000000000
0000010000000001
0000010000000010
0000010000000011
0000010000000100
0000010000000101
0000010000000110
0000010000000111
0000010000001000
0000010000001001
0000010000001010
0000010000001011
0000001111111101
0000001111111110
0000001111111111
0000010000000000
0000010000000001
0000010000000010
0000010000000011
0000010000000100
0000010000000101
0000010000000110
0000010000000111
0000010000001000
0000010000001001
0000010000001010
0000010000001011
0000010000001100
0000001111111110
0000001111111111
0000010000000000
0000010000000001
0000010000000010
0000010000000011
0000010000000100
0000010000000101
0000010000000110
0000010000000111
0000010000001000
0000010000001001
0000010000001010
0000010000001011
0000010000001100
0000010000001101
0000001111111111
0000010000000000
0000010000000001
0000010000000010
0000010000000011
0000010000000100
0000010000000101
0000010000000110
0000010000000111
0000010000001000
0000010000001001
0000010000001010
0000010000001011
0000010000001100
0000010000001101
0000010000001110
0000010000000000
0000010000000001
0000010000000010
0000010000000011
0000010000000100
0000010000000101
0000010000000110
0000010000000111
0000010000001000
0000010000001001
0000010000001010
0000010000001011
0000010000001100
0000010000001101
0000010000001110
0000010000001111
0000010000000001
0000010000000010
0000010000000011
0000010000000100
0000010000000101
0000010000000110
0000010000000111
0000010000001000
0000010000001001
0000010000001010
0000010000001011
0000010000001100
0000010000001101
0000010000001110
0000010000001111
0000010000010000
